<?xml version="1.0" encoding="UTF-8"?>
<!-- Generated by org.testng.reporters.JUnitXMLReporter -->
<testsuite ignored="0" hostname="LAPTOP-2KR4188N" failures="4" tests="4" name="Surefire test" time="130.875" errors="0" timestamp="18 May 2020 16:56:03 GMT">
  <testcase classname="com.TestCases.ContactsTest" name="VerifyContactsCreation" time="0.078">
    <failure type="java.lang.NullPointerException">
      <![CDATA[java.lang.NullPointerException
at com.utlis.TestUtils.getCellContent(TestUtils.java:133)
at com.base.BasePage.getTestDataForMethod(BasePage.java:204)
at com.TestCases.ContactsTest.VerifyContactsCreation(ContactsTest.java:25)
... Removed 30 stack frames]]>
    </failure>
  </testcase> <!-- VerifyContactsCreation -->
  <testcase classname="com.TestCases.ContactsTest" name="VerifyContactsValidationSkip" time="5.331">
    <failure type="java.lang.NullPointerException">
      <![CDATA[java.lang.NullPointerException
at com.TestCases.ContactsTest.VerifyContactsValidationSkip(ContactsTest.java:42)
... Removed 30 stack frames]]>
    </failure>
  </testcase> <!-- VerifyContactsValidationSkip -->
  <testcase classname="com.TestCases.OpportunitiesTest" name="VerifyOppValidationFail" time="7.592">
    <failure type="java.lang.NullPointerException">
      <![CDATA[java.lang.NullPointerException
at com.TestCases.OpportunitiesTest.VerifyOppValidationFail(OpportunitiesTest.java:44)
... Removed 30 stack frames]]>
    </failure>
  </testcase> <!-- VerifyOppValidationFail -->
  <testcase classname="com.TestCases.OpportunitiesTest" name="VerifyOppsCreation" time="0.196">
    <failure type="java.lang.NullPointerException">
      <![CDATA[java.lang.NullPointerException
at com.utlis.TestUtils.getCellContent(TestUtils.java:133)
at com.base.BasePage.getTestDataForMethod(BasePage.java:204)
at com.TestCases.OpportunitiesTest.VerifyOppsCreation(OpportunitiesTest.java:26)
... Removed 30 stack frames]]>
    </failure>
  </testcase> <!-- VerifyOppsCreation -->
</testsuite> <!-- Surefire test -->
