<?xml version="1.0" encoding="UTF-8"?>
<testng-results ignored="4" total="6" passed="2" failed="0" skipped="0">
  <reporter-output>
  </reporter-output>
  <suite started-at="2020-05-18T18:42:18Z" name="test_suite" finished-at="2020-05-18T18:43:35Z" duration-ms="77724">
    <groups>
    </groups>
    <test started-at="2020-05-18T18:42:18Z" name="Regression testing" finished-at="2020-05-18T18:43:35Z" duration-ms="77724">
      <class name="com.TestCases.OpportunitiesTest">
        <test-method is-config="true" signature="setUp()[pri:0, instance:com.TestCases.OpportunitiesTest@a1f72f5]" started-at="2020-05-18T18:42:55Z" name="setUp" finished-at="2020-05-18T18:43:23Z" duration-ms="28044" status="PASS">
          <reporter-output>
          </reporter-output>
        </test-method> <!-- setUp -->
        <test-method signature="VerifyOppValidationFail()[pri:0, instance:com.TestCases.OpportunitiesTest@a1f72f5]" started-at="2020-05-18T18:43:23Z" name="VerifyOppValidationFail" finished-at="2020-05-18T18:43:31Z" duration-ms="8474" status="PASS">
          <reporter-output>
          </reporter-output>
        </test-method> <!-- VerifyOppValidationFail -->
        <test-method is-config="true" signature="wrapUp()[pri:0, instance:com.TestCases.OpportunitiesTest@a1f72f5]" started-at="2020-05-18T18:43:31Z" name="wrapUp" finished-at="2020-05-18T18:43:35Z" duration-ms="4117" status="PASS">
          <reporter-output>
          </reporter-output>
        </test-method> <!-- wrapUp -->
      </class> <!-- com.TestCases.OpportunitiesTest -->
      <class name="com.TestCases.BaseTest">
        <test-method is-config="true" signature="afterSuite()[pri:0, instance:com.TestCases.BaseTest@4bc222e]" started-at="2020-05-18T18:43:36Z" name="afterSuite" finished-at="2020-05-18T18:43:39Z" duration-ms="3584" status="PASS">
          <reporter-output>
          </reporter-output>
        </test-method> <!-- afterSuite -->
      </class> <!-- com.TestCases.BaseTest -->
      <class name="com.TestCases.ContactsTest">
        <test-method is-config="true" signature="setUp()[pri:0, instance:com.TestCases.ContactsTest@19976a65]" started-at="2020-05-18T18:42:18Z" name="setUp" finished-at="2020-05-18T18:42:42Z" duration-ms="24372" status="PASS">
          <reporter-output>
          </reporter-output>
        </test-method> <!-- setUp -->
        <test-method signature="VerifyContactsValidationSkip()[pri:0, instance:com.TestCases.ContactsTest@19976a65]" started-at="2020-05-18T18:42:42Z" name="VerifyContactsValidationSkip" finished-at="2020-05-18T18:42:50Z" duration-ms="8352" status="PASS">
          <reporter-output>
          </reporter-output>
        </test-method> <!-- VerifyContactsValidationSkip -->
        <test-method is-config="true" signature="wrapUp()[pri:0, instance:com.TestCases.ContactsTest@19976a65]" started-at="2020-05-18T18:42:50Z" name="wrapUp" finished-at="2020-05-18T18:42:55Z" duration-ms="4346" status="PASS">
          <reporter-output>
          </reporter-output>
        </test-method> <!-- wrapUp -->
      </class> <!-- com.TestCases.ContactsTest -->
    </test> <!-- Regression testing -->
  </suite> <!-- test_suite -->
</testng-results>
