<?xml version="1.0" encoding="UTF-8"?>
<!-- Generated by org.testng.reporters.JUnitXMLReporter -->
<testsuite ignored="4" hostname="LAPTOP-2KR4188N" failures="0" tests="2" name="Regression testing" time="77.724" errors="0" timestamp="18 May 2020 18:43:35 GMT">
  <testcase classname="com.TestCases.ContactsTest" name="VerifyContactsValidationSkip" time="8.352"/>
  <testcase classname="com.TestCases.OpportunitiesTest" name="VerifyOppValidationFail" time="8.474"/>
  <testcase classname="com.TestCases.BaseTest" name="@AfterSuite afterSuite" time="0.0">
    <ignored/>
  </testcase> <!-- @AfterSuite afterSuite -->
  <testcase classname="com.TestCases.BaseTest" name="@AfterSuite afterSuite" time="0.0">
    <ignored/>
  </testcase> <!-- @AfterSuite afterSuite -->
  <testcase classname="com.TestCases.ContactsTest" name="VerifyContactsCreation" time="0.0">
    <ignored/>
  </testcase> <!-- VerifyContactsCreation -->
  <testcase classname="com.TestCases.OpportunitiesTest" name="VerifyOppsCreation" time="0.0">
    <ignored/>
  </testcase> <!-- VerifyOppsCreation -->
</testsuite> <!-- Regression testing -->
